2026-04-12 17:34:17,682 - INFO - Logger inizializzato correttamente (etl.py::crea_logger)
2026-04-12 17:34:17,682 - INFO - === AVVIO ETL (etl.py::main) ===
2026-04-12 17:34:47,935 - INFO - 

=== [main] FASE 1: CARICAMENTO DATASET ===
2026-04-12 17:34:47,935 - OK - [main] Tabelle ricevute da Streamlit. Salto carica_tabelle_csv().
2026-04-12 17:34:47,935 - OK - [main] Tutte le tabelle richieste sono presenti.
2026-04-12 17:34:47,935 - INFO - 

=== [main] FASE 2: CONTROLLO DUPLICATI ===
2026-04-12 17:34:47,935 - INFO - [rimuovi_duplicati] Controllo dei duplicati nella tabella AREA_MANAGER_LOOKUP
2026-04-12 17:34:47,947 - INFO - Nella tabella 'AREA_MANAGER_LOOKUP' sono state eliminate 0 righe duplicate.
2026-04-12 17:34:47,947 - INFO - [rimuovi_duplicati] Controllo dei duplicati nella tabella COMPANY_LOOKUP
2026-04-12 17:34:47,949 - INFO - Nella tabella 'COMPANY_LOOKUP' sono state eliminate 0 righe duplicate.
2026-04-12 17:34:47,950 - INFO - [rimuovi_duplicati] Controllo dei duplicati nella tabella CUSTOMER_LOOKUP
2026-04-12 17:34:47,954 - INFO - Nella tabella 'CUSTOMER_LOOKUP' sono state eliminate 0 righe duplicate.
2026-04-12 17:34:47,954 - INFO - [rimuovi_duplicati] Controllo dei duplicati nella tabella ITEM_BUSINESS_LINE_LOOKUP
2026-04-12 17:34:47,955 - INFO - Nella tabella 'ITEM_BUSINESS_LINE_LOOKUP' sono state eliminate 0 righe duplicate.
2026-04-12 17:34:47,956 - INFO - [rimuovi_duplicati] Controllo dei duplicati nella tabella ITEM_LOOKUP
2026-04-12 17:34:47,959 - INFO - Nella tabella 'ITEM_LOOKUP' sono state eliminate 197 righe duplicate.
2026-04-12 17:34:47,959 - INFO - [rimuovi_duplicati] Controllo dei duplicati nella tabella SALES
2026-04-12 17:34:47,965 - INFO - Nella tabella 'SALES' sono state eliminate 11 righe duplicate.
2026-04-12 17:34:47,965 - INFO - 

=== [main] FASE 3: CONTROLLO CHIAVI ===
2026-04-12 17:34:47,965 - INFO - 

=== [controlla_chiavi] FASE 3.1: CONTROLLO CHIAVI PRIMARIE ===
2026-04-12 17:34:47,965 - INFO - 
--- [controlla_pk] Controllo PK: IDS_CUSTOMER per la tabella: CUSTOMER_LOOKUP ---
2026-04-12 17:34:47,965 - OK - La colonna PK 'IDS_CUSTOMER' esiste.
2026-04-12 17:34:47,966 - OK - La PK 'IDS_CUSTOMER' è stata convertita a stringa.
2026-04-12 17:34:47,967 - OK - Nessun NaN nella PK 'IDS_CUSTOMER'.
2026-04-12 17:34:47,968 - OK - La PK 'IDS_CUSTOMER' è univoca.
2026-04-12 17:34:47,969 - OK - Tipo coerente: str
2026-04-12 17:34:47,969 - INFO - 
--- [controlla_pk] Controllo PK: IDS_CUSTOMER per la tabella: CUSTOMER_LOOKUP ---
2026-04-12 17:34:47,969 - OK - La colonna PK 'IDS_CUSTOMER' esiste.
2026-04-12 17:34:47,969 - OK - La PK 'IDS_CUSTOMER' è stata convertita a stringa.
2026-04-12 17:34:47,970 - OK - Nessun NaN nella PK 'IDS_CUSTOMER'.
2026-04-12 17:34:47,970 - OK - La PK 'IDS_CUSTOMER' è univoca.
2026-04-12 17:34:47,971 - OK - Tipo coerente: str
2026-04-12 17:34:47,971 - INFO - 
--- [controlla_pk] Controllo PK: IDS_ITEM per la tabella: ITEM_LOOKUP ---
2026-04-12 17:34:47,971 - OK - La colonna PK 'IDS_ITEM' esiste.
2026-04-12 17:34:47,971 - OK - La PK 'IDS_ITEM' è stata convertita a stringa.
2026-04-12 17:34:47,971 - OK - Nessun NaN nella PK 'IDS_ITEM'.
2026-04-12 17:34:47,972 - OK - La PK 'IDS_ITEM' è univoca.
2026-04-12 17:34:47,972 - OK - Tipo coerente: str
2026-04-12 17:34:47,973 - INFO - 
--- [controlla_pk] Controllo PK: IDS_ITEM per la tabella: ITEM_LOOKUP ---
2026-04-12 17:34:47,973 - OK - La colonna PK 'IDS_ITEM' esiste.
2026-04-12 17:34:47,973 - OK - La PK 'IDS_ITEM' è stata convertita a stringa.
2026-04-12 17:34:47,973 - OK - Nessun NaN nella PK 'IDS_ITEM'.
2026-04-12 17:34:47,974 - OK - La PK 'IDS_ITEM' è univoca.
2026-04-12 17:34:47,974 - OK - Tipo coerente: str
2026-04-12 17:34:47,974 - INFO - 
--- [controlla_pk] Controllo PK: ID_AREA_MANAGER per la tabella: AREA_MANAGER_LOOKUP ---
2026-04-12 17:34:47,974 - OK - La colonna PK 'ID_AREA_MANAGER' esiste.
2026-04-12 17:34:47,974 - OK - La PK 'ID_AREA_MANAGER' è stata convertita a stringa.
2026-04-12 17:34:47,974 - OK - Nessun NaN nella PK 'ID_AREA_MANAGER'.
2026-04-12 17:34:47,975 - OK - La PK 'ID_AREA_MANAGER' è univoca.
2026-04-12 17:34:47,975 - OK - Tipo coerente: str
2026-04-12 17:34:47,975 - INFO - 
--- [controlla_pk] Controllo PK: ID_AREA_MANAGER per la tabella: AREA_MANAGER_LOOKUP ---
2026-04-12 17:34:47,975 - OK - La colonna PK 'ID_AREA_MANAGER' esiste.
2026-04-12 17:34:47,976 - OK - La PK 'ID_AREA_MANAGER' è stata convertita a stringa.
2026-04-12 17:34:47,976 - OK - Nessun NaN nella PK 'ID_AREA_MANAGER'.
2026-04-12 17:34:47,976 - OK - La PK 'ID_AREA_MANAGER' è univoca.
2026-04-12 17:34:47,977 - OK - Tipo coerente: str
2026-04-12 17:34:47,977 - INFO - 
--- [controlla_pk] Controllo PK: ID_BUSINESS_LINE per la tabella: ITEM_BUSINESS_LINE_LOOKUP ---
2026-04-12 17:34:47,977 - OK - La colonna PK 'ID_BUSINESS_LINE' esiste.
2026-04-12 17:34:47,977 - OK - La PK 'ID_BUSINESS_LINE' è stata convertita a stringa.
2026-04-12 17:34:47,977 - OK - Nessun NaN nella PK 'ID_BUSINESS_LINE'.
2026-04-12 17:34:47,977 - OK - La PK 'ID_BUSINESS_LINE' è univoca.
2026-04-12 17:34:47,978 - OK - Tipo coerente: str
2026-04-12 17:34:47,978 - INFO - 
--- [controlla_pk] Controllo PK: ID_BUSINESS_LINE per la tabella: ITEM_BUSINESS_LINE_LOOKUP ---
2026-04-12 17:34:47,978 - OK - La colonna PK 'ID_BUSINESS_LINE' esiste.
2026-04-12 17:34:47,978 - OK - La PK 'ID_BUSINESS_LINE' è stata convertita a stringa.
2026-04-12 17:34:47,978 - OK - Nessun NaN nella PK 'ID_BUSINESS_LINE'.
2026-04-12 17:34:47,978 - OK - La PK 'ID_BUSINESS_LINE' è univoca.
2026-04-12 17:34:47,979 - OK - Tipo coerente: str
2026-04-12 17:34:47,979 - INFO - 
--- [controlla_pk] Controllo PK: ID_COMPANY per la tabella: COMPANY_LOOKUP ---
2026-04-12 17:34:47,979 - OK - La colonna PK 'ID_COMPANY' esiste.
2026-04-12 17:34:47,979 - OK - La PK 'ID_COMPANY' è stata convertita a stringa.
2026-04-12 17:34:47,979 - OK - Nessun NaN nella PK 'ID_COMPANY'.
2026-04-12 17:34:47,979 - OK - La PK 'ID_COMPANY' è univoca.
2026-04-12 17:34:47,980 - OK - Tipo coerente: str
2026-04-12 17:34:47,980 - INFO - 
--- [controlla_pk] Controllo PK: ID_COMPANY per la tabella: COMPANY_LOOKUP ---
2026-04-12 17:34:47,980 - OK - La colonna PK 'ID_COMPANY' esiste.
2026-04-12 17:34:47,980 - OK - La PK 'ID_COMPANY' è stata convertita a stringa.
2026-04-12 17:34:47,980 - OK - Nessun NaN nella PK 'ID_COMPANY'.
2026-04-12 17:34:47,981 - OK - La PK 'ID_COMPANY' è univoca.
2026-04-12 17:34:47,981 - OK - Tipo coerente: str
2026-04-12 17:34:47,981 - INFO - 

=== [controlla_chiavi] FASE 3.2: CONTROLLO CHIAVI ESTERNE ===
2026-04-12 17:34:47,981 - INFO - 
--- [controlla_fk] Controllo FK SALES.ID_COMPANY --> COMPANY_LOOKUP.ID_COMPANY ---
2026-04-12 17:34:47,981 - OK - Convertite a stringa FK 'ID_COMPANY' e PK 'ID_COMPANY'.
2026-04-12 17:34:47,982 - OK - Nessun NaN nella FK 'ID_COMPANY'.
2026-04-12 17:34:47,983 - OK - Nessun valore orfano.
2026-04-12 17:34:47,983 - OK - Tipi coerenti tra FK e PK.
2026-04-12 17:34:47,983 - INFO - 
--- [controlla_fk] Controllo FK SALES.IDS_CUSTOMER --> CUSTOMER_LOOKUP.IDS_CUSTOMER ---
2026-04-12 17:34:47,984 - OK - Convertite a stringa FK 'IDS_CUSTOMER' e PK 'IDS_CUSTOMER'.
2026-04-12 17:34:47,984 - OK - Nessun NaN nella FK 'IDS_CUSTOMER'.
2026-04-12 17:34:47,986 - OK - Nessun valore orfano.
2026-04-12 17:34:47,986 - OK - Tipi coerenti tra FK e PK.
2026-04-12 17:34:47,986 - INFO - 
--- [controlla_fk] Controllo FK SALES.IDS_ITEM --> ITEM_LOOKUP.IDS_ITEM ---
2026-04-12 17:34:47,986 - OK - Convertite a stringa FK 'IDS_ITEM' e PK 'IDS_ITEM'.
2026-04-12 17:34:47,987 - OK - Nessun NaN nella FK 'IDS_ITEM'.
2026-04-12 17:34:47,987 - OK - Nessun valore orfano.
2026-04-12 17:34:47,987 - OK - Tipi coerenti tra FK e PK.
2026-04-12 17:34:47,988 - INFO - 
--- [controlla_fk] Controllo FK CUSTOMER_LOOKUP.ID_AREA_MANAGER --> AREA_MANAGER_LOOKUP.ID_AREA_MANAGER ---
2026-04-12 17:34:47,988 - OK - Convertite a stringa FK 'ID_AREA_MANAGER' e PK 'ID_AREA_MANAGER'.
2026-04-12 17:34:47,989 - ERROR - La FK 'ID_AREA_MANAGER' contiene 126 valori NaN.
2026-04-12 17:34:47,989 - INFO - Eliminazione delle righe con NaN in 'ID_AREA_MANAGER'.
2026-04-12 17:34:47,993 - ERROR - Valori orfani trovati: 20
2026-04-12 17:34:47,993 - INFO - Eliminazione delle righe con FK orfane.
2026-04-12 17:34:47,996 - OK - Tipi coerenti tra FK e PK.
2026-04-12 17:34:47,997 - INFO - 
--- [controlla_fk] Controllo FK ITEM_LOOKUP.ID_BUSINESS_LINE --> ITEM_BUSINESS_LINE_LOOKUP.ID_BUSINESS_LINE ---
2026-04-12 17:34:47,997 - OK - Convertite a stringa FK 'ID_BUSINESS_LINE' e PK 'ID_BUSINESS_LINE'.
2026-04-12 17:34:47,997 - OK - Nessun NaN nella FK 'ID_BUSINESS_LINE'.
2026-04-12 17:34:47,998 - OK - Nessun valore orfano.
2026-04-12 17:34:47,998 - OK - Tipi coerenti tra FK e PK.
2026-04-12 17:34:47,998 - INFO - 

=== [controlla_chiavi] FASE 3.3: CONTROLLO CHIAVI TECNICHE ===
2026-04-12 17:34:47,998 - INFO - 
--- [controlla_chiavi_tecniche] Analisi chiave tecnica: ID_ORDER_NUM ---
2026-04-12 17:34:47,998 - OK - La colonna tecnica 'ID_ORDER_NUM' esiste.
2026-04-12 17:34:47,998 - OK - La chiave tecnica 'ID_ORDER_NUM' è stata convertita a stringa.
2026-04-12 17:34:47,999 - OK - Nessun NaN nella chiave tecnica 'ID_ORDER_NUM'.
2026-04-12 17:34:47,999 - OK - Tipo coerente: str
2026-04-12 17:34:47,999 - INFO - 
--- [controlla_chiavi_tecniche] Analisi chiave tecnica: ID_ORDER_DATE ---
2026-04-12 17:34:47,999 - OK - La colonna tecnica 'ID_ORDER_DATE' esiste.
2026-04-12 17:34:47,999 - OK - La chiave tecnica 'ID_ORDER_DATE' è stata convertita a stringa.
2026-04-12 17:34:48,000 - OK - Nessun NaN nella chiave tecnica 'ID_ORDER_DATE'.
2026-04-12 17:34:48,000 - OK - Tipo coerente: str
2026-04-12 17:34:48,000 - INFO - 
--- [controlla_chiavi_tecniche] Analisi chiave tecnica: ID_INVOICE_DATE ---
2026-04-12 17:34:48,000 - OK - La colonna tecnica 'ID_INVOICE_DATE' esiste.
2026-04-12 17:34:48,000 - OK - La chiave tecnica 'ID_INVOICE_DATE' è stata convertita a stringa.
2026-04-12 17:34:48,001 - OK - Nessun NaN nella chiave tecnica 'ID_INVOICE_DATE'.
2026-04-12 17:34:48,001 - OK - Tipo coerente: str
2026-04-12 17:34:48,002 - INFO - 
--- [controlla_chiavi_tecniche] Analisi chiave tecnica: ID_COUNTRY ---
2026-04-12 17:34:48,002 - OK - La colonna tecnica 'ID_COUNTRY' esiste.
2026-04-12 17:34:48,002 - OK - La chiave tecnica 'ID_COUNTRY' è stata convertita a stringa.
2026-04-12 17:34:48,002 - WARNING - La chiave tecnica 'ID_COUNTRY' contiene 6 valori NaN.
2026-04-12 17:34:48,003 - OK - Tipo coerente: str
2026-04-12 17:34:48,003 - INFO - 

==== [main] FASE 4.1: ANALISI COLONNE DATA ====
2026-04-12 17:34:48,003 - INFO - 
=== [analizza_colonne_data] Analisi colonne 'DATE' per tabella: AREA_MANAGER_LOOKUP ===
2026-04-12 17:34:48,003 - INFO - Nessuna colonna contenente 'DATE' trovata.
2026-04-12 17:34:48,003 - INFO - 
=== [analizza_colonne_data] Analisi colonne 'DATE' per tabella: COMPANY_LOOKUP ===
2026-04-12 17:34:48,003 - INFO - Nessuna colonna contenente 'DATE' trovata.
2026-04-12 17:34:48,003 - INFO - 
=== [analizza_colonne_data] Analisi colonne 'DATE' per tabella: CUSTOMER_LOOKUP ===
2026-04-12 17:34:48,003 - INFO - Nessuna colonna contenente 'DATE' trovata.
2026-04-12 17:34:48,003 - INFO - 
=== [analizza_colonne_data] Analisi colonne 'DATE' per tabella: ITEM_BUSINESS_LINE_LOOKUP ===
2026-04-12 17:34:48,003 - INFO - Nessuna colonna contenente 'DATE' trovata.
2026-04-12 17:34:48,003 - INFO - 
=== [analizza_colonne_data] Analisi colonne 'DATE' per tabella: ITEM_LOOKUP ===
2026-04-12 17:34:48,003 - INFO - Nessuna colonna contenente 'DATE' trovata.
2026-04-12 17:34:48,003 - INFO - 
=== [analizza_colonne_data] Analisi colonne 'DATE' per tabella: SALES ===
2026-04-12 17:34:48,009 - INFO - 
[COLONNA] ID_ORDER_DATE
2026-04-12 17:34:48,009 - INFO -  - Valori a 8 cifre: 213
2026-04-12 17:34:48,009 - INFO -  - Valori NON a 8 cifre: 0
2026-04-12 17:34:48,010 - INFO - 
[COLONNA] ID_INVOICE_DATE
2026-04-12 17:34:48,011 - INFO -  - Valori a 8 cifre: 213
2026-04-12 17:34:48,011 - INFO -  - Valori NON a 8 cifre: 0
2026-04-12 17:34:48,011 - WARNING - 13 valori con anno > 2262 --> fuori range pandas
2026-04-12 17:34:48,011 - INFO - Esempi: ['27881231']
2026-04-12 17:34:48,011 - INFO - 

==== [main] FASE 4.2: NORMALIZZAZIONE COLONNE DATA ====
2026-04-12 17:34:48,011 - INFO - 
=== [normalizza_colonne_data] Normalizzazione colonne DATE per tabella: SALES ===
2026-04-12 17:34:48,011 - INFO - Colonne DATE da normalizzare: ['ID_ORDER_DATE', 'ID_INVOICE_DATE']
2026-04-12 17:34:48,037 - OK - Conversione completata per 'ID_ORDER_DATE' in 'SALES'.
2026-04-12 17:34:48,037 - INFO - Valori NaT finali: 0
2026-04-12 17:34:48,059 - OK - Conversione completata per 'ID_INVOICE_DATE' in 'SALES'.
2026-04-12 17:34:48,060 - INFO - Valori NaT finali: 0
2026-04-12 17:34:48,060 - INFO - 

=== [main] FASE 5: GESTIONE NAN PRE-MERGE ===
2026-04-12 17:34:48,060 - INFO - 
--- [gestisci_NaN_pre_merge] Analisi NaN per tabella: AREA_MANAGER_LOOKUP ---
2026-04-12 17:34:48,060 - OK - Nessun valore NaN trovato.
2026-04-12 17:34:48,060 - INFO - 
--- [gestisci_NaN_pre_merge] Analisi NaN per tabella: COMPANY_LOOKUP ---
2026-04-12 17:34:48,060 - OK - Nessun valore NaN trovato.
2026-04-12 17:34:48,060 - INFO - 
--- [gestisci_NaN_pre_merge] Analisi NaN per tabella: CUSTOMER_LOOKUP ---
2026-04-12 17:34:48,061 - WARNING - La colonna 'ID_COUNTRY' contiene 6 NaN. Nessuna azione necessaria
2026-04-12 17:34:48,061 - INFO - 
--- [gestisci_NaN_pre_merge] Analisi NaN per tabella: ITEM_BUSINESS_LINE_LOOKUP ---
2026-04-12 17:34:48,061 - OK - Nessun valore NaN trovato.
2026-04-12 17:34:48,061 - INFO - 
--- [gestisci_NaN_pre_merge] Analisi NaN per tabella: ITEM_LOOKUP ---
2026-04-12 17:34:48,061 - OK - Nessun valore NaN trovato.
2026-04-12 17:34:48,061 - INFO - 
--- [gestisci_NaN_pre_merge] Analisi NaN per tabella: SALES ---
2026-04-12 17:34:48,062 - OK - Nessun valore NaN trovato.
2026-04-12 17:34:48,062 - INFO - 

=== [main] FASE 6: ANALISI MONOVARIATA ===
2026-04-12 17:34:48,062 - INFO - 

--- [analisi_monovariata] ANALISI MONOVARIATA: AREA_MANAGER_LOOKUP ---
2026-04-12 17:34:48,062 - INFO - [AREA_MANAGER_LOOKUP] Nessuna colonna numerica trovata.
2026-04-12 17:34:48,064 - INFO - [AREA_MANAGER_LOOKUP] STATISTICHE CATEGORICHE (top 5 valori):
2026-04-12 17:34:48,066 - INFO - 
Colonna: ID_AREA_MANAGER
ID_AREA_MANAGER
403    1
406    1
411    1
420    1
425    1
2026-04-12 17:34:48,067 - INFO - 
Colonna: DESC_AREA_MANAGER
DESC_AREA_MANAGER
AREA MANAGER  403    1
AREA MANAGER  406    1
AREA MANAGER  411    1
AREA MANAGER  420    1
AREA MANAGER  425    1
2026-04-12 17:34:48,067 - INFO - [AREA_MANAGER_LOOKUP] Nessuna colonna data trovata.
2026-04-12 17:34:48,067 - INFO - 

--- [analisi_monovariata] ANALISI MONOVARIATA: COMPANY_LOOKUP ---
2026-04-12 17:34:48,067 - INFO - [COMPANY_LOOKUP] Nessuna colonna numerica trovata.
2026-04-12 17:34:48,068 - INFO - [COMPANY_LOOKUP] STATISTICHE CATEGORICHE (top 5 valori):
2026-04-12 17:34:48,069 - INFO - 
Colonna: ID_COMPANY
ID_COMPANY
40     1
143    1
148    1
174    1
204    1
2026-04-12 17:34:48,069 - INFO - 
Colonna: DESC_COMPANY
DESC_COMPANY
COMPANY 00040    1
COMPANY 00143    1
COMPANY 00148    1
COMPANY 00174    1
COMPANY 00204    1
2026-04-12 17:34:48,069 - INFO - [COMPANY_LOOKUP] Nessuna colonna data trovata.
2026-04-12 17:34:48,069 - INFO - 

--- [analisi_monovariata] ANALISI MONOVARIATA: CUSTOMER_LOOKUP ---
2026-04-12 17:34:48,069 - INFO - [CUSTOMER_LOOKUP] Nessuna colonna numerica trovata.
2026-04-12 17:34:48,070 - INFO - [CUSTOMER_LOOKUP] STATISTICHE CATEGORICHE (top 5 valori):
2026-04-12 17:34:48,070 - INFO - 
Colonna: IDS_CUSTOMER
IDS_CUSTOMER
00000-690719    1
00000-703897    1
00000-728589    1
00040-610624    1
00000-610624    1
2026-04-12 17:34:48,071 - INFO - 
Colonna: DESC_CUSTOMER
DESC_CUSTOMER
CUSTOMER 00000-690719    1
CUSTOMER 00000-703897    1
CUSTOMER 00000-728589    1
CUSTOMER 00040-610624    1
CUSTOMER 00000-610624    1
2026-04-12 17:34:48,071 - INFO - 
Colonna: ID_COUNTRY
ID_COUNTRY
US    487
IT    161
DE     97
FR     77
CA     44
2026-04-12 17:34:48,072 - INFO - 
Colonna: ID_AREA_MANAGER
ID_AREA_MANAGER
415    108
4C1     73
407     67
4X4     65
499     59
2026-04-12 17:34:48,072 - INFO - [CUSTOMER_LOOKUP] Nessuna colonna data trovata.
2026-04-12 17:34:48,072 - INFO - 

--- [analisi_monovariata] ANALISI MONOVARIATA: ITEM_BUSINESS_LINE_LOOKUP ---
2026-04-12 17:34:48,072 - INFO - [ITEM_BUSINESS_LINE_LOOKUP] Nessuna colonna numerica trovata.
2026-04-12 17:34:48,073 - INFO - [ITEM_BUSINESS_LINE_LOOKUP] STATISTICHE CATEGORICHE (top 5 valori):
2026-04-12 17:34:48,074 - INFO - 
Colonna: ID_BUSINESS_LINE
ID_BUSINESS_LINE
000    1
4C6    1
4C1    1
4C5    1
4C7    1
2026-04-12 17:34:48,074 - INFO - 
Colonna: DESC_BUSINESS_LINE
DESC_BUSINESS_LINE
TRANSP    1
BL 4C6    1
BL 4C1    1
BL 4C5    1
BL 4C7    1
2026-04-12 17:34:48,074 - INFO - [ITEM_BUSINESS_LINE_LOOKUP] Nessuna colonna data trovata.
2026-04-12 17:34:48,074 - INFO - 

--- [analisi_monovariata] ANALISI MONOVARIATA: ITEM_LOOKUP ---
2026-04-12 17:34:48,074 - INFO - [ITEM_LOOKUP] Nessuna colonna numerica trovata.
2026-04-12 17:34:48,075 - INFO - [ITEM_LOOKUP] STATISTICHE CATEGORICHE (top 5 valori):
2026-04-12 17:34:48,075 - INFO - 
Colonna: IDS_ITEM
IDS_ITEM
7292139-W401MAG    1
7292140-W401MAG    1
7375222-W401MAG    1
7384676-W401MAG    1
7484440-W401MAG    1
2026-04-12 17:34:48,076 - INFO - 
Colonna: DESC_ITEM
DESC_ITEM
ITEM  7292139-W401MAG    1
ITEM  7292140-W401MAG    1
ITEM  7375222-W401MAG    1
ITEM  7384676-W401MAG    1
ITEM  7484440-W401MAG    1
2026-04-12 17:34:48,076 - INFO - 
Colonna: ID_BUSINESS_LINE
ID_BUSINESS_LINE
4C7    22
4C1     5
2026-04-12 17:34:48,076 - INFO - [ITEM_LOOKUP] Nessuna colonna data trovata.
2026-04-12 17:34:48,076 - INFO - 

--- [analisi_monovariata] ANALISI MONOVARIATA: SALES ---
2026-04-12 17:34:48,077 - INFO - [SALES] STATISTICHE NUMERICHE:
2026-04-12 17:34:48,087 - INFO - 
        VAL_REVENUES      VAL_COST
count     213.000000    213.000000
mean    34953.296103  17310.975369
std     16510.663887   9019.329464
min     20329.610000   7096.634800
25%     25666.000000  11998.000000
50%     32724.000000  17343.753300
75%     39596.400000  20171.504800
max    169160.400000  86154.600000
2026-04-12 17:34:48,088 - INFO - [SALES] STATISTICHE CATEGORICHE (top 5 valori):
2026-04-12 17:34:48,089 - INFO - 
Colonna: ID_COMPANY
ID_COMPANY
40       114
80640     99
2026-04-12 17:34:48,090 - INFO - 
Colonna: ID_ORDER_NUM
ID_ORDER_NUM
25402070    2
25402388    2
25471810    2
25437824    1
25428861    1
2026-04-12 17:34:48,090 - INFO - 
Colonna: IDS_CUSTOMER
IDS_CUSTOMER
00040-10277     24
00040-45887     17
80640-207312    15
80640-615382     8
00040-209369     7
2026-04-12 17:34:48,091 - INFO - 
Colonna: IDS_ITEM
IDS_ITEM
7245498-W401MAG    38
7481581-405MAG     30
7273238-405MAG     29
7245502-W401MAG    15
7479346-405MAG     14
2026-04-12 17:34:48,091 - INFO - [SALES] ANALISI COLONNE 'DATE':
2026-04-12 17:34:48,091 - INFO -   - ID_ORDER_DATE: min=2025-01-08 00:00:00, max=2026-03-19 00:00:00
2026-04-12 17:34:48,092 - INFO -   - ID_INVOICE_DATE: min=2025-01-09 00:00:00, max=2788-12-31 00:00:00
2026-04-12 17:34:48,092 - INFO - 

=== [main] FASE 7: CORRELAZIONI ===
2026-04-12 17:34:48,092 - INFO - 
--- [analisi_correlazioni] ANALISI CORRELAZIONI: SALES ---
2026-04-12 17:34:48,093 - INFO - [SALES] Matrice di correlazione:
2026-04-12 17:34:48,093 - INFO - 
              VAL_REVENUES  VAL_COST
VAL_REVENUES         1.000     0.949
VAL_COST             0.949     1.000
2026-04-12 17:34:48,094 - INFO - 

=== [main] FASE 8: CALCOLO COLONNE DERIVATE: MARGINI ===
2026-04-12 17:34:48,094 - OK - [calcola_margini] Colonna VAL_MARGIN calcolata correttamente nella tabella SALES.
2026-04-12 17:34:48,094 - INFO - 

=== [main] FASE 9: MERGE TABELLE ===
2026-04-12 17:34:48,095 - INFO - Avvio merge LEFT JOIN tra SALES e COMPANY_LOOKUP sulla chiave 'ID_COMPANY'.
2026-04-12 17:34:48,095 - INFO - Righe tabella figlia: 213 | Righe tabella padre: 26
2026-04-12 17:34:48,098 - OK - Merge completato senza variazioni nel numero di righe (213).
2026-04-12 17:34:48,098 - INFO - Avvio merge LEFT JOIN tra SALES e CUSTOMER_LOOKUP sulla chiave 'IDS_CUSTOMER'.
2026-04-12 17:34:48,098 - INFO - Righe tabella figlia: 213 | Righe tabella padre: 947
2026-04-12 17:34:48,101 - OK - Merge completato senza variazioni nel numero di righe (213).
2026-04-12 17:34:48,101 - INFO - Avvio merge LEFT JOIN tra CUSTOMER_LOOKUP e AREA_MANAGER_LOOKUP sulla chiave 'ID_AREA_MANAGER'.
2026-04-12 17:34:48,101 - INFO - Righe tabella figlia: 213 | Righe tabella padre: 192
2026-04-12 17:34:48,103 - OK - Merge completato senza variazioni nel numero di righe (213).
2026-04-12 17:34:48,103 - INFO - Avvio merge LEFT JOIN tra SALES e ITEM_LOOKUP sulla chiave 'IDS_ITEM'.
2026-04-12 17:34:48,103 - INFO - Righe tabella figlia: 213 | Righe tabella padre: 27
2026-04-12 17:34:48,105 - OK - Merge completato senza variazioni nel numero di righe (213).
2026-04-12 17:34:48,105 - INFO - Avvio merge LEFT JOIN tra ITEM_LOOKUP e ITEM_BUSINESS_LINE_LOOKUP sulla chiave 'ID_BUSINESS_LINE'.
2026-04-12 17:34:48,105 - INFO - Righe tabella figlia: 213 | Righe tabella padre: 5
2026-04-12 17:34:48,106 - OK - Merge completato senza variazioni nel numero di righe (213).
2026-04-12 17:34:48,107 - INFO - 

=== [main] FASE 10: CONTROLLO NAN POST-MERGE ===
2026-04-12 17:34:48,109 - OK - Nessuna colonna contiene NaN.
2026-04-12 17:34:48,109 - INFO - 

=== [main] FASE 11: CREAZIONE ATTRIBUTI TEMPORALI ===
2026-04-12 17:34:48,112 - OK - Colonne ORDER_YEAR, ORDER_MONTH e ORDER_WEEK create correttamente.
2026-04-12 17:34:48,112 - INFO - 
=== [main] FINE ETL (etl.py::main) ===
